This is pdfTeX, Version 3.14159265-2.6-1.40.21 (MiKTeX 20.6.29) (preloaded format=pdflatex 2020.9.16)  17 SEP 2020 12:37
entering extended mode
**./intro.tex
(intro.tex
LaTeX2e <2020-02-02> patch level 5
L3 programming layer <2020-06-18>
(C:\soft\MiKTeX\tex/latex/l3backend\l3backend-pdfmode.def
File: l3backend-pdfmode.def 2020-06-29 L3 backend support: PDF mode
\l__kernel_color_stack_int=\count167
\l__pdf_internal_box=\box45
) (intro.aux)
\openout1 = `intro.aux'.

LaTeX Font Info:    Checking defaults for OML/cmm/m/it on input line 1.
LaTeX Font Info:    ... okay on input line 1.
LaTeX Font Info:    Checking defaults for OMS/cmsy/m/n on input line 1.
LaTeX Font Info:    ... okay on input line 1.
LaTeX Font Info:    Checking defaults for OT1/cmr/m/n on input line 1.
LaTeX Font Info:    ... okay on input line 1.
LaTeX Font Info:    Checking defaults for T1/cmr/m/n on input line 1.
LaTeX Font Info:    ... okay on input line 1.
LaTeX Font Info:    Checking defaults for TS1/cmr/m/n on input line 1.
LaTeX Font Info:    ... okay on input line 1.
LaTeX Font Info:    Checking defaults for OMX/cmex/m/n on input line 1.
LaTeX Font Info:    ... okay on input line 1.
LaTeX Font Info:    Checking defaults for U/cmr/m/n on input line 1.
LaTeX Font Info:    ... okay on input line 1.


! LaTeX Error: The font size command \normalsize is not defined:
               there is probably something wrong with the class file.

See the LaTeX manual or LaTeX Companion for explanation.
Type  H <return>  for immediate help.
 ...                                              
                                                  
l.1 \begin{document}
                    
Your command was ignored.
Type  I <command> <return>  to replace it with another command,
or  <return>  to continue without it.

! Undefined control sequence.
l.2 	\section
             {–í—Å—Ç—É–ø–ª–µ–Ω–∏–µ}
The control sequence at the end of the top line
of your error message was never \def'ed. If you have
misspelled it (e.g., `\hobx'), type `I' and the correct
spelling (e.g., `I\hbox'). Otherwise just continue,
and I'll forget about whatever was undefined.


! Package inputenc Error: Unicode character –í (U+0412)
(inputenc)                not set up for use with LaTeX.

See the inputenc package documentation for explanation.
Type  H <return>  for immediate help.
 ...                                              
                                                  
l.2 	\section{–í
                —Å—Ç—É–ø–ª–µ–Ω–∏–µ}
You may provide a definition with
\DeclareUnicodeCharacter 


! Package inputenc Error: Unicode character —Å (U+0441)
(inputenc)                not set up for use with LaTeX.

See the inputenc package documentation for explanation.
Type  H <return>  for immediate help.
 ...                                              
                                                  
l.2 	\section{–í—Å
                  —Ç—É–ø–ª–µ–Ω–∏–µ}
You may provide a definition with
\DeclareUnicodeCharacter 


! Package inputenc Error: Unicode character —Ç (U+0442)
(inputenc)                not set up for use with LaTeX.

See the inputenc package documentation for explanation.
Type  H <return>  for immediate help.
 ...                                              
                                                  
l.2 	\section{–í—Å—Ç
                    —É–ø–ª–µ–Ω–∏–µ}
You may provide a definition with
\DeclareUnicodeCharacter 


! Package inputenc Error: Unicode character —É (U+0443)
(inputenc)                not set up for use with LaTeX.

See the inputenc package documentation for explanation.
Type  H <return>  for immediate help.
 ...                                              
                                                  
l.2 	\section{–í—Å—Ç—É
                      –ø–ª–µ–Ω–∏–µ}
You may provide a definition with
\DeclareUnicodeCharacter 


! Package inputenc Error: Unicode character –ø (U+043F)
(inputenc)                not set up for use with LaTeX.

See the inputenc package documentation for explanation.
Type  H <return>  for immediate help.
 ...                                              
                                                  
l.2 	\section{–í—Å—Ç—É–ø
                        –ª–µ–Ω–∏–µ}
You may provide a definition with
\DeclareUnicodeCharacter 


! Package inputenc Error: Unicode character –ª (U+043B)
(inputenc)                not set up for use with LaTeX.

See the inputenc package documentation for explanation.
Type  H <return>  for immediate help.
 ...                                              
                                                  
l.2 	\section{–í—Å—Ç—É–ø–ª
                          –µ–Ω–∏–µ}
You may provide a definition with
\DeclareUnicodeCharacter 


! Package inputenc Error: Unicode character –µ (U+0435)
(inputenc)                not set up for use with LaTeX.

See the inputenc package documentation for explanation.
Type  H <return>  for immediate help.
 ...                                              
                                                  
l.2 	\section{–í—Å—Ç—É–ø–ª–µ
                            –Ω–∏–µ}
You may provide a definition with
\DeclareUnicodeCharacter 


! Package inputenc Error: Unicode character –Ω (U+043D)
(inputenc)                not set up for use with LaTeX.

See the inputenc package documentation for explanation.
Type  H <return>  for immediate help.
 ...                                              
                                                  
l.2 	\section{–í—Å—Ç—É–ø–ª–µ–Ω
                              –∏–µ}
You may provide a definition with
\DeclareUnicodeCharacter 


! Package inputenc Error: Unicode character –∏ (U+0438)
(inputenc)                not set up for use with LaTeX.

See the inputenc package documentation for explanation.
Type  H <return>  for immediate help.
 ...                                              
                                                  
l.2 	\section{–í—Å—Ç—É–ø–ª–µ–Ω–∏
                                –µ}
You may provide a definition with
\DeclareUnicodeCharacter 


! Package inputenc Error: Unicode character –µ (U+0435)
(inputenc)                not set up for use with LaTeX.

See the inputenc package documentation for explanation.
Type  H <return>  for immediate help.
 ...                                              
                                                  
l.2 	\section{–í—Å—Ç—É–ø–ª–µ–Ω–∏–µ
                                  }
You may provide a definition with
\DeclareUnicodeCharacter 


! Package inputenc Error: Unicode character –ü (U+041F)
(inputenc)                not set up for use with LaTeX.

See the inputenc package documentation for explanation.
Type  H <return>  for immediate help.
 ...                                              
                                                  
l.3 	–ü
       –µ—Ä–≤–æ–≥–æ —Å–µ–Ω—Ç—è–±—Ä—è 2004 –≥. –ø—Ä–∏–º–µ—Ä–Ω–æ –≤ 8-30 —É—Ç—...

You may provide a definition with
\DeclareUnicodeCharacter 


! Package inputenc Error: Unicode character –µ (U+0435)
(inputenc)                not set up for use with LaTeX.

See the inputenc package documentation for explanation.
Type  H <return>  for immediate help.
 ...                                              
                                                  
l.3 	–ü–µ
         —Ä–≤–æ–≥–æ —Å–µ–Ω—Ç—è–±—Ä—è 2004 –≥. –ø—Ä–∏–º–µ—Ä–Ω–æ –≤ 8-30 —É—Ç—...

You may provide a definition with
\DeclareUnicodeCharacter 


! Package inputenc Error: Unicode character —Ä (U+0440)
(inputenc)                not set up for use with LaTeX.

See the inputenc package documentation for explanation.
Type  H <return>  for immediate help.
 ...                                              
                                                  
l.3 	–ü–µ—Ä
           –≤–æ–≥–æ —Å–µ–Ω—Ç—è–±—Ä—è 2004 –≥. –ø—Ä–∏–º–µ—Ä–Ω–æ –≤ 8-30 —É—Ç—...

You may provide a definition with
\DeclareUnicodeCharacter 


! Package inputenc Error: Unicode character –≤ (U+0432)
(inputenc)                not set up for use with LaTeX.

See the inputenc package documentation for explanation.
Type  H <return>  for immediate help.
 ...                                              
                                                  
l.3 	–ü–µ—Ä–≤
             –æ–≥–æ —Å–µ–Ω—Ç—è–±—Ä—è 2004 –≥. –ø—Ä–∏–º–µ—Ä–Ω–æ –≤ 8-30 —É—Ç—...

You may provide a definition with
\DeclareUnicodeCharacter 


! Package inputenc Error: Unicode character –æ (U+043E)
(inputenc)                not set up for use with LaTeX.

See the inputenc package documentation for explanation.
Type  H <return>  for immediate help.
 ...                                              
                                                  
l.3 	–ü–µ—Ä–≤–æ
               –≥–æ —Å–µ–Ω—Ç—è–±—Ä—è 2004 –≥. –ø—Ä–∏–º–µ—Ä–Ω–æ –≤ 8-30 —É—Ç—...

You may provide a definition with
\DeclareUnicodeCharacter 


! Package inputenc Error: Unicode character –≥ (U+0433)
(inputenc)                not set up for use with LaTeX.

See the inputenc package documentation for explanation.
Type  H <return>  for immediate help.
 ...                                              
                                                  
l.3 	–ü–µ—Ä–≤–æ–≥
                 –æ —Å–µ–Ω—Ç—è–±—Ä—è 2004 –≥. –ø—Ä–∏–º–µ—Ä–Ω–æ –≤ 8-30 —É—Ç—...

You may provide a definition with
\DeclareUnicodeCharacter 


! Package inputenc Error: Unicode character –æ (U+043E)
(inputenc)                not set up for use with LaTeX.

See the inputenc package documentation for explanation.
Type  H <return>  for immediate help.
 ...                                              
                                                  
l.3 	–ü–µ—Ä–≤–æ–≥–æ
                    —Å–µ–Ω—Ç—è–±—Ä—è 2004 –≥. –ø—Ä–∏–º–µ—Ä–Ω–æ –≤ 8-30 —É—Ç—...

You may provide a definition with
\DeclareUnicodeCharacter 


! Package inputenc Error: Unicode character —Å (U+0441)
(inputenc)                not set up for use with LaTeX.

See the inputenc package documentation for explanation.
Type  H <return>  for immediate help.
 ...                                              
                                                  
l.3 	–ü–µ—Ä–≤–æ–≥–æ —Å
                      –µ–Ω—Ç—è–±—Ä—è 2004 –≥. –ø—Ä–∏–º–µ—Ä–Ω–æ –≤ 8-30 —É—Ç—...

You may provide a definition with
\DeclareUnicodeCharacter 


! Package inputenc Error: Unicode character –µ (U+0435)
(inputenc)                not set up for use with LaTeX.

See the inputenc package documentation for explanation.
Type  H <return>  for immediate help.
 ...                                              
                                                  
l.3 	–ü–µ—Ä–≤–æ–≥–æ —Å–µ
                        –Ω—Ç—è–±—Ä—è 2004 –≥. –ø—Ä–∏–º–µ—Ä–Ω–æ –≤ 8-30 —É—Ç—...

You may provide a definition with
\DeclareUnicodeCharacter 


! Package inputenc Error: Unicode character –Ω (U+043D)
(inputenc)                not set up for use with LaTeX.

See the inputenc package documentation for explanation.
Type  H <return>  for immediate help.
 ...                                              
                                                  
l.3 	–ü–µ—Ä–≤–æ–≥–æ —Å–µ–Ω
                          —Ç—è–±—Ä—è 2004 –≥. –ø—Ä–∏–º–µ—Ä–Ω–æ –≤ 8-30 —É—Ç—...

You may provide a definition with
\DeclareUnicodeCharacter 


! Package inputenc Error: Unicode character —Ç (U+0442)
(inputenc)                not set up for use with LaTeX.

See the inputenc package documentation for explanation.
Type  H <return>  for immediate help.
 ...                                              
                                                  
l.3 	–ü–µ—Ä–≤–æ–≥–æ —Å–µ–Ω—Ç
                            —è–±—Ä—è 2004 –≥. –ø—Ä–∏–º–µ—Ä–Ω–æ –≤ 8-30 —É—Ç—...

You may provide a definition with
\DeclareUnicodeCharacter 


! Package inputenc Error: Unicode character —è (U+044F)
(inputenc)                not set up for use with LaTeX.

See the inputenc package documentation for explanation.
Type  H <return>  for immediate help.
 ...                                              
                                                  
l.3 	–ü–µ—Ä–≤–æ–≥–æ —Å–µ–Ω—Ç—è
                              –±—Ä—è 2004 –≥. –ø—Ä–∏–º–µ—Ä–Ω–æ –≤ 8-30 —É—Ç—...

You may provide a definition with
\DeclareUnicodeCharacter 


! Package inputenc Error: Unicode character –± (U+0431)
(inputenc)                not set up for use with LaTeX.

See the inputenc package documentation for explanation.
Type  H <return>  for immediate help.
 ...                                              
                                                  
l.3 	–ü–µ—Ä–≤–æ–≥–æ —Å–µ–Ω—Ç—è–±
                                —Ä—è 2004 –≥. –ø—Ä–∏–º–µ—Ä–Ω–æ –≤ 8-30 —É—Ç—...

You may provide a definition with
\DeclareUnicodeCharacter 


! Package inputenc Error: Unicode character —Ä (U+0440)
(inputenc)                not set up for use with LaTeX.

See the inputenc package documentation for explanation.
Type  H <return>  for immediate help.
 ...                                              
                                                  
l.3 	–ü–µ—Ä–≤–æ–≥–æ —Å–µ–Ω—Ç—è–±—Ä
                                  —è 2004 –≥. –ø—Ä–∏–º–µ—Ä–Ω–æ –≤ 8-30 —É—Ç—...

You may provide a definition with
\DeclareUnicodeCharacter 


! Package inputenc Error: Unicode character —è (U+044F)
(inputenc)                not set up for use with LaTeX.

See the inputenc package documentation for explanation.
Type  H <return>  for immediate help.
 ...                                              
                                                  
l.3 	–ü–µ—Ä–≤–æ–≥–æ —Å–µ–Ω—Ç—è–±—Ä—è
                                     2004 –≥. –ø—Ä–∏–º–µ—Ä–Ω–æ –≤ 8-30 —É—Ç—...

You may provide a definition with
\DeclareUnicodeCharacter 


! Package inputenc Error: Unicode character –≥ (U+0433)
(inputenc)                not set up for use with LaTeX.

See the inputenc package documentation for explanation.
Type  H <return>  for immediate help.
 ...                                              
                                                  
l.3 	–ü–µ—Ä–≤–æ–≥–æ —Å–µ–Ω—Ç—è–±—Ä—è 2004 –≥
                                            . –ø—Ä–∏–º–µ—Ä–Ω–æ –≤ 8-30 —É—Ç—...

You may provide a definition with
\DeclareUnicodeCharacter 


! Package inputenc Error: Unicode character –ø (U+043F)
(inputenc)                not set up for use with LaTeX.

See the inputenc package documentation for explanation.
Type  H <return>  for immediate help.
 ...                                              
                                                  
l.3 	–ü–µ—Ä–≤–æ–≥–æ —Å–µ–Ω—Ç—è–±—Ä—è 2004 –≥. –ø
                                                —Ä–∏–º–µ—Ä–Ω–æ –≤ 8-30 —É—Ç—...

You may provide a definition with
\DeclareUnicodeCharacter 


! Package inputenc Error: Unicode character —Ä (U+0440)
(inputenc)                not set up for use with LaTeX.

See the inputenc package documentation for explanation.
Type  H <return>  for immediate help.
 ...                                              
                                                  
l.3 	–ü–µ—Ä–≤–æ–≥–æ —Å–µ–Ω—Ç—è–±—Ä—è 2004 –≥. –ø—Ä
                                                  –∏–º–µ—Ä–Ω–æ –≤ 8-30 —É—Ç—...

You may provide a definition with
\DeclareUnicodeCharacter 


! Package inputenc Error: Unicode character –∏ (U+0438)
(inputenc)                not set up for use with LaTeX.

See the inputenc package documentation for explanation.
Type  H <return>  for immediate help.
 ...                                              
                                                  
l.3 ...—Ä–≤–æ–≥–æ —Å–µ–Ω—Ç—è–±—Ä—è 2004 –≥. –ø—Ä–∏
                                                  –º–µ—Ä–Ω–æ –≤ 8-30 —É—Ç—Ä–...

You may provide a definition with
\DeclareUnicodeCharacter 


! Package inputenc Error: Unicode character –º (U+043C)
(inputenc)                not set up for use with LaTeX.

See the inputenc package documentation for explanation.
Type  H <return>  for immediate help.
 ...                                              
                                                  
l.3 ...–≤–æ–≥–æ —Å–µ–Ω—Ç—è–±—Ä—è 2004 –≥. –ø—Ä–∏–º
                                                  –µ—Ä–Ω–æ –≤ 8-30 —É—Ç—Ä–∞ ...

You may provide a definition with
\DeclareUnicodeCharacter 


! Package inputenc Error: Unicode character –µ (U+0435)
(inputenc)                not set up for use with LaTeX.

See the inputenc package documentation for explanation.
Type  H <return>  for immediate help.
 ...                                              
                                                  
l.3 ...–æ–≥–æ —Å–µ–Ω—Ç—è–±—Ä—è 2004 –≥. –ø—Ä–∏–º–µ
                                                  —Ä–Ω–æ –≤ 8-30 —É—Ç—Ä–∞ –≤...

You may provide a definition with
\DeclareUnicodeCharacter 


! Package inputenc Error: Unicode character —Ä (U+0440)
(inputenc)                not set up for use with LaTeX.

See the inputenc package documentation for explanation.
Type  H <return>  for immediate help.
 ...                                              
                                                  
l.3 ...–≥–æ —Å–µ–Ω—Ç—è–±—Ä—è 2004 –≥. –ø—Ä–∏–º–µ—Ä
                                                  –Ω–æ –≤ 8-30 —É—Ç—Ä–∞ –≤–æ...

You may provide a definition with
\DeclareUnicodeCharacter 


! Package inputenc Error: Unicode character –Ω (U+043D)
(inputenc)                not set up for use with LaTeX.

See the inputenc package documentation for explanation.
Type  H <return>  for immediate help.
 ...                                              
                                                  
l.3 ...–æ —Å–µ–Ω—Ç—è–±—Ä—è 2004 –≥. –ø—Ä–∏–º–µ—Ä–Ω
                                                  –æ –≤ 8-30 —É—Ç—Ä–∞ –≤–æ –...

You may provide a definition with
\DeclareUnicodeCharacter 


! Package inputenc Error: Unicode character –æ (U+043E)
(inputenc)                not set up for use with LaTeX.

See the inputenc package documentation for explanation.
Type  H <return>  for immediate help.
 ...                                              
                                                  
l.3 ... —Å–µ–Ω—Ç—è–±—Ä—è 2004 –≥. –ø—Ä–∏–º–µ—Ä–Ω–æ
                                                   –≤ 8-30 —É—Ç—Ä–∞ –≤–æ –≤—...

You may provide a definition with
\DeclareUnicodeCharacter 


! Package inputenc Error: Unicode character –≤ (U+0432)
(inputenc)                not set up for use with LaTeX.

See the inputenc package documentation for explanation.
Type  H <return>  for immediate help.
 ...                                              
                                                  
l.3 ...–µ–Ω—Ç—è–±—Ä—è 2004 –≥. –ø—Ä–∏–º–µ—Ä–Ω–æ –≤
                                                   8-30 —É—Ç—Ä–∞ –≤–æ –≤—Ä–µ...

You may provide a definition with
\DeclareUnicodeCharacter 


! Package inputenc Error: Unicode character —É (U+0443)
(inputenc)                not set up for use with LaTeX.

See the inputenc package documentation for explanation.
Type  H <return>  for immediate help.
 ...                                              
                                                  
l.3 ...–±—Ä—è 2004 –≥. –ø—Ä–∏–º–µ—Ä–Ω–æ –≤ 8-30 —É
                                                  —Ç—Ä–∞ –≤–æ –≤—Ä–µ–º—è –ø—...

You may provide a definition with
\DeclareUnicodeCharacter 


! Package inputenc Error: Unicode character —Ç (U+0442)
(inputenc)                not set up for use with LaTeX.

See the inputenc package documentation for explanation.
Type  H <return>  for immediate help.
 ...                                              
                                                  
l.3 ...—Ä—è 2004 –≥. –ø—Ä–∏–º–µ—Ä–Ω–æ –≤ 8-30 —É—Ç
                                                  —Ä–∞ –≤–æ –≤—Ä–µ–º—è –ø—Ä–...

You may provide a definition with
\DeclareUnicodeCharacter 


! Package inputenc Error: Unicode character —Ä (U+0440)
(inputenc)                not set up for use with LaTeX.

See the inputenc package documentation for explanation.
Type  H <return>  for immediate help.
 ...                                              
                                                  
l.3 ...—è 2004 –≥. –ø—Ä–∏–º–µ—Ä–Ω–æ –≤ 8-30 —É—Ç—Ä
                                                  –∞ –≤–æ –≤—Ä–µ–º—è –ø—Ä–∞–...

You may provide a definition with
\DeclareUnicodeCharacter 


! Package inputenc Error: Unicode character –∞ (U+0430)
(inputenc)                not set up for use with LaTeX.

See the inputenc package documentation for explanation.
Type  H <return>  for immediate help.
 ...                                              
                                                  
l.3 ... 2004 –≥. –ø—Ä–∏–º–µ—Ä–Ω–æ –≤ 8-30 —É—Ç—Ä–∞
                                                   –≤–æ –≤—Ä–µ–º—è –ø—Ä–∞–∑–...

You may provide a definition with
\DeclareUnicodeCharacter 


! Package inputenc Error: Unicode character –≤ (U+0432)
(inputenc)                not set up for use with LaTeX.

See the inputenc package documentation for explanation.
Type  H <return>  for immediate help.
 ...                                              
                                                  
l.3 ...04 –≥. –ø—Ä–∏–º–µ—Ä–Ω–æ –≤ 8-30 —É—Ç—Ä–∞ –≤
                                                  –æ –≤—Ä–µ–º—è –ø—Ä–∞–∑–¥–Ω...

You may provide a definition with
\DeclareUnicodeCharacter 


! Package inputenc Error: Unicode character –æ (U+043E)
(inputenc)                not set up for use with LaTeX.

See the inputenc package documentation for explanation.
Type  H <return>  for immediate help.
 ...                                              
                                                  
l.3 ... –≥. –ø—Ä–∏–º–µ—Ä–Ω–æ –≤ 8-30 —É—Ç—Ä–∞ –≤–æ
                                                   –≤—Ä–µ–º—è –ø—Ä–∞–∑–¥–Ω–∏...

You may provide a definition with
\DeclareUnicodeCharacter 


! Package inputenc Error: Unicode character –≤ (U+0432)
(inputenc)                not set up for use with LaTeX.

See the inputenc package documentation for explanation.
Type  H <return>  for immediate help.
 ...                                              
                                                  
l.3 .... –ø—Ä–∏–º–µ—Ä–Ω–æ –≤ 8-30 —É—Ç—Ä–∞ –≤–æ –≤
                                                  —Ä–µ–º—è –ø—Ä–∞–∑–¥–Ω–∏—á–...

You may provide a definition with
\DeclareUnicodeCharacter 


! Package inputenc Error: Unicode character —Ä (U+0440)
(inputenc)                not set up for use with LaTeX.

See the inputenc package documentation for explanation.
Type  H <return>  for immediate help.
 ...                                              
                                                  
l.3 ...–ø—Ä–∏–º–µ—Ä–Ω–æ –≤ 8-30 —É—Ç—Ä–∞ –≤–æ –≤—Ä
                                                  –µ–º—è –ø—Ä–∞–∑–¥–Ω–∏—á–Ω–...

You may provide a definition with
\DeclareUnicodeCharacter 


! Package inputenc Error: Unicode character –µ (U+0435)
(inputenc)                not set up for use with LaTeX.

See the inputenc package documentation for explanation.
Type  H <return>  for immediate help.
 ...                                              
                                                  
l.3 ...—Ä–∏–º–µ—Ä–Ω–æ –≤ 8-30 —É—Ç—Ä–∞ –≤–æ –≤—Ä–µ
                                                  –º—è –ø—Ä–∞–∑–¥–Ω–∏—á–Ω–æ–...

You may provide a definition with
\DeclareUnicodeCharacter 


! Package inputenc Error: Unicode character –º (U+043C)
(inputenc)                not set up for use with LaTeX.

See the inputenc package documentation for explanation.
Type  H <return>  for immediate help.
 ...                                              
                                                  
l.3 ...–∏–º–µ—Ä–Ω–æ –≤ 8-30 —É—Ç—Ä–∞ –≤–æ –≤—Ä–µ–º
                                                  —è –ø—Ä–∞–∑–¥–Ω–∏—á–Ω–æ–π ...

You may provide a definition with
\DeclareUnicodeCharacter 


! Package inputenc Error: Unicode character —è (U+044F)
(inputenc)                not set up for use with LaTeX.

See the inputenc package documentation for explanation.
Type  H <return>  for immediate help.
 ...                                              
                                                  
l.3 ...–º–µ—Ä–Ω–æ –≤ 8-30 —É—Ç—Ä–∞ –≤–æ –≤—Ä–µ–º—è
                                                   –ø—Ä–∞–∑–¥–Ω–∏—á–Ω–æ–π –ª...

You may provide a definition with
\DeclareUnicodeCharacter 


! Package inputenc Error: Unicode character –ø (U+043F)
(inputenc)                not set up for use with LaTeX.

See the inputenc package documentation for explanation.
Type  H <return>  for immediate help.
 ...                                              
                                                  
l.3 ...µ—Ä–Ω–æ –≤ 8-30 —É—Ç—Ä–∞ –≤–æ –≤—Ä–µ–º—è –ø
                                                  —Ä–∞–∑–¥–Ω–∏—á–Ω–æ–π –ª–∏–...

You may provide a definition with
\DeclareUnicodeCharacter 


! Package inputenc Error: Unicode character —Ä (U+0440)
(inputenc)                not set up for use with LaTeX.

See the inputenc package documentation for explanation.
Type  H <return>  for immediate help.
 ...                                              
                                                  
l.3 ...Ä–Ω–æ –≤ 8-30 —É—Ç—Ä–∞ –≤–æ –≤—Ä–µ–º—è –ø—Ä
                                                  –∞–∑–¥–Ω–∏—á–Ω–æ–π –ª–∏–Ω–...

You may provide a definition with
\DeclareUnicodeCharacter 


! Package inputenc Error: Unicode character –∞ (U+0430)
(inputenc)                not set up for use with LaTeX.

See the inputenc package documentation for explanation.
Type  H <return>  for immediate help.
 ...                                              
                                                  
l.3 ...Ω–æ –≤ 8-30 —É—Ç—Ä–∞ –≤–æ –≤—Ä–µ–º—è –ø—Ä–∞
                                                  –∑–¥–Ω–∏—á–Ω–æ–π –ª–∏–Ω–µ–...

You may provide a definition with
\DeclareUnicodeCharacter 


! Package inputenc Error: Unicode character –∑ (U+0437)
(inputenc)                not set up for use with LaTeX.

See the inputenc package documentation for explanation.
Type  H <return>  for immediate help.
 ...                                              
                                                  
l.3 ...æ –≤ 8-30 —É—Ç—Ä–∞ –≤–æ –≤—Ä–µ–º—è –ø—Ä–∞–∑
                                                  –¥–Ω–∏—á–Ω–æ–π –ª–∏–Ω–µ–π–...

You may provide a definition with
\DeclareUnicodeCharacter 


! Package inputenc Error: Unicode character –¥ (U+0434)
(inputenc)                not set up for use with LaTeX.

See the inputenc package documentation for explanation.
Type  H <return>  for immediate help.
 ...                                              
                                                  
l.3 ...–≤ 8-30 —É—Ç—Ä–∞ –≤–æ –≤—Ä–µ–º—è –ø—Ä–∞–∑–¥
                                                  –Ω–∏—á–Ω–æ–π –ª–∏–Ω–µ–π–∫–...

You may provide a definition with
\DeclareUnicodeCharacter 


! Package inputenc Error: Unicode character –Ω (U+043D)
(inputenc)                not set up for use with LaTeX.

See the inputenc package documentation for explanation.
Type  H <return>  for immediate help.
 ...                                              
                                                  
l.3 ... 8-30 —É—Ç—Ä–∞ –≤–æ –≤—Ä–µ–º—è –ø—Ä–∞–∑–¥–Ω
                                                  –∏—á–Ω–æ–π –ª–∏–Ω–µ–π–∫–∏ ...

You may provide a definition with
\DeclareUnicodeCharacter 


! Package inputenc Error: Unicode character –∏ (U+0438)
(inputenc)                not set up for use with LaTeX.

See the inputenc package documentation for explanation.
Type  H <return>  for immediate help.
 ...                                              
                                                  
l.3 ...-30 —É—Ç—Ä–∞ –≤–æ –≤—Ä–µ–º—è –ø—Ä–∞–∑–¥–Ω–∏
                                                  —á–Ω–æ–π –ª–∏–Ω–µ–π–∫–∏ –ø...

You may provide a definition with
\DeclareUnicodeCharacter 


! Package inputenc Error: Unicode character —á (U+0447)
(inputenc)                not set up for use with LaTeX.

See the inputenc package documentation for explanation.
Type  H <return>  for immediate help.
 ...                                              
                                                  
l.3 ...0 —É—Ç—Ä–∞ –≤–æ –≤—Ä–µ–º—è –ø—Ä–∞–∑–¥–Ω–∏—á
                                                  –Ω–æ–π –ª–∏–Ω–µ–π–∫–∏ –ø–µ...

You may provide a definition with
\DeclareUnicodeCharacter 


! Package inputenc Error: Unicode character –Ω (U+043D)
(inputenc)                not set up for use with LaTeX.

See the inputenc package documentation for explanation.
Type  H <return>  for immediate help.
 ...                                              
                                                  
l.3 ...—É—Ç—Ä–∞ –≤–æ –≤—Ä–µ–º—è –ø—Ä–∞–∑–¥–Ω–∏—á–Ω
                                                  –æ–π –ª–∏–Ω–µ–π–∫–∏ –ø–µ—Ä...

You may provide a definition with
\DeclareUnicodeCharacter 


! Package inputenc Error: Unicode character –æ (U+043E)
(inputenc)                not set up for use with LaTeX.

See the inputenc package documentation for explanation.
Type  H <return>  for immediate help.
 ...                                              
                                                  
l.3 ...—Ç—Ä–∞ –≤–æ –≤—Ä–µ–º—è –ø—Ä–∞–∑–¥–Ω–∏—á–Ω–æ
                                                  –π –ª–∏–Ω–µ–π–∫–∏ –ø–µ—Ä–≤...

You may provide a definition with
\DeclareUnicodeCharacter 


! Package inputenc Error: Unicode character –π (U+0439)
(inputenc)                not set up for use with LaTeX.

See the inputenc package documentation for explanation.
Type  H <return>  for immediate help.
 ...                                              
                                                  
l.3 ...—Ä–∞ –≤–æ –≤—Ä–µ–º—è –ø—Ä–∞–∑–¥–Ω–∏—á–Ω–æ–π
                                                   –ª–∏–Ω–µ–π–∫–∏ –ø–µ—Ä–≤–∞...

You may provide a definition with
\DeclareUnicodeCharacter 


! Package inputenc Error: Unicode character –ª (U+043B)
(inputenc)                not set up for use with LaTeX.

See the inputenc package documentation for explanation.
Type  H <return>  for immediate help.
 ...                                              
                                                  
l.3 ...∞ –≤–æ –≤—Ä–µ–º—è –ø—Ä–∞–∑–¥–Ω–∏—á–Ω–æ–π –ª
                                                  –∏–Ω–µ–π–∫–∏ –ø–µ—Ä–≤–∞—è ...

You may provide a definition with
\DeclareUnicodeCharacter 


! Package inputenc Error: Unicode character –∏ (U+0438)
(inputenc)                not set up for use with LaTeX.

See the inputenc package documentation for explanation.
Type  H <return>  for immediate help.
 ...                                              
                                                  
l.3 ...–≤–æ –≤—Ä–µ–º—è –ø—Ä–∞–∑–¥–Ω–∏—á–Ω–æ–π –ª–∏
                                                  –Ω–µ–π–∫–∏ –ø–µ—Ä–≤–∞—è —à...

You may provide a definition with
\DeclareUnicodeCharacter 


! Package inputenc Error: Unicode character –Ω (U+043D)
(inputenc)                not set up for use with LaTeX.

See the inputenc package documentation for explanation.
Type  H <return>  for immediate help.
 ...                                              
                                                  
l.3 ...–æ –≤—Ä–µ–º—è –ø—Ä–∞–∑–¥–Ω–∏—á–Ω–æ–π –ª–∏–Ω
                                                  –µ–π–∫–∏ –ø–µ—Ä–≤–∞—è —à–∫...

You may provide a definition with
\DeclareUnicodeCharacter 


! Package inputenc Error: Unicode character –µ (U+0435)
(inputenc)                not set up for use with LaTeX.

See the inputenc package documentation for explanation.
Type  H <return>  for immediate help.
 ...                                              
                                                  
l.3 ... –≤—Ä–µ–º—è –ø—Ä–∞–∑–¥–Ω–∏—á–Ω–æ–π –ª–∏–Ω–µ
                                                  –π–∫–∏ –ø–µ—Ä–≤–∞—è —à–∫–æ...

You may provide a definition with
\DeclareUnicodeCharacter 


! Package inputenc Error: Unicode character –π (U+0439)
(inputenc)                not set up for use with LaTeX.

See the inputenc package documentation for explanation.
Type  H <return>  for immediate help.
 ...                                              
                                                  
l.3 ...≤—Ä–µ–º—è –ø—Ä–∞–∑–¥–Ω–∏—á–Ω–æ–π –ª–∏–Ω–µ–π
                                                  –∫–∏ –ø–µ—Ä–≤–∞—è —à–∫–æ–ª...

You may provide a definition with
\DeclareUnicodeCharacter 


! Package inputenc Error: Unicode character –∫ (U+043A)
(inputenc)                not set up for use with LaTeX.

See the inputenc package documentation for explanation.
Type  H <return>  for immediate help.
 ...                                              
                                                  
l.3 ...Ä–µ–º—è –ø—Ä–∞–∑–¥–Ω–∏—á–Ω–æ–π –ª–∏–Ω–µ–π–∫
                                                  –∏ –ø–µ—Ä–≤–∞—è —à–∫–æ–ª–∞...

You may provide a definition with
\DeclareUnicodeCharacter 


! Package inputenc Error: Unicode character –∏ (U+0438)
(inputenc)                not set up for use with LaTeX.

See the inputenc package documentation for explanation.
Type  H <return>  for immediate help.
 ...                                              
                                                  
l.3 ...µ–º—è –ø—Ä–∞–∑–¥–Ω–∏—á–Ω–æ–π –ª–∏–Ω–µ–π–∫–∏
                                                   –ø–µ—Ä–≤–∞—è —à–∫–æ–ª–∞ –...

You may provide a definition with
\DeclareUnicodeCharacter 


! Package inputenc Error: Unicode character –ø (U+043F)
(inputenc)                not set up for use with LaTeX.

See the inputenc package documentation for explanation.
Type  H <return>  for immediate help.
 ...                                              
                                                  
l.3 ...—è –ø—Ä–∞–∑–¥–Ω–∏—á–Ω–æ–π –ª–∏–Ω–µ–π–∫–∏ –ø
                                                  –µ—Ä–≤–∞—è —à–∫–æ–ª–∞ –≥–æ...

You may provide a definition with
\DeclareUnicodeCharacter 


! Package inputenc Error: Unicode character –µ (U+0435)
(inputenc)                not set up for use with LaTeX.

See the inputenc package documentation for explanation.
Type  H <return>  for immediate help.
 ...                                              
                                                  
l.3 ... –ø—Ä–∞–∑–¥–Ω–∏—á–Ω–æ–π –ª–∏–Ω–µ–π–∫–∏ –ø–µ
                                                  —Ä–≤–∞—è —à–∫–æ–ª–∞ –≥–æ—Ä...

You may provide a definition with
\DeclareUnicodeCharacter 


! Package inputenc Error: Unicode character —Ä (U+0440)
(inputenc)                not set up for use with LaTeX.

See the inputenc package documentation for explanation.
Type  H <return>  for immediate help.
 ...                                              
                                                  
l.3 ...ø—Ä–∞–∑–¥–Ω–∏—á–Ω–æ–π –ª–∏–Ω–µ–π–∫–∏ –ø–µ—Ä
                                                  –≤–∞—è —à–∫–æ–ª–∞ –≥–æ—Ä–æ...

You may provide a definition with
\DeclareUnicodeCharacter 


! Package inputenc Error: Unicode character –≤ (U+0432)
(inputenc)                not set up for use with LaTeX.

See the inputenc package documentation for explanation.
Type  H <return>  for immediate help.
 ...                                              
                                                  
l.3 ...Ä–∞–∑–¥–Ω–∏—á–Ω–æ–π –ª–∏–Ω–µ–π–∫–∏ –ø–µ—Ä–≤
                                                  –∞—è —à–∫–æ–ª–∞ –≥–æ—Ä–æ–¥...

You may provide a definition with
\DeclareUnicodeCharacter 


! Package inputenc Error: Unicode character –∞ (U+0430)
(inputenc)                not set up for use with LaTeX.

See the inputenc package documentation for explanation.
Type  H <return>  for immediate help.
 ...                                              
                                                  
l.3 ...∞–∑–¥–Ω–∏—á–Ω–æ–π –ª–∏–Ω–µ–π–∫–∏ –ø–µ—Ä–≤–∞
                                                  —è —à–∫–æ–ª–∞ –≥–æ—Ä–æ–¥–∞...

You may provide a definition with
\DeclareUnicodeCharacter 


! Package inputenc Error: Unicode character —è (U+044F)
(inputenc)                not set up for use with LaTeX.

See the inputenc package documentation for explanation.
Type  H <return>  for immediate help.
 ...                                              
                                                  
l.3 ...∑–¥–Ω–∏—á–Ω–æ–π –ª–∏–Ω–µ–π–∫–∏ –ø–µ—Ä–≤–∞—è
                                                   —à–∫–æ–ª–∞ –≥–æ—Ä–æ–¥–∞ –...

You may provide a definition with
\DeclareUnicodeCharacter 


! Package inputenc Error: Unicode character —à (U+0448)
(inputenc)                not set up for use with LaTeX.

See the inputenc package documentation for explanation.
Type  H <return>  for immediate help.
 ...                                              
                                                  
l.3 ...–Ω–∏—á–Ω–æ–π –ª–∏–Ω–µ–π–∫–∏ –ø–µ—Ä–≤–∞—è —à
                                                  –∫–æ–ª–∞ –≥–æ—Ä–æ–¥–∞ –°–µ...

You may provide a definition with
\DeclareUnicodeCharacter 


! Package inputenc Error: Unicode character –∫ (U+043A)
(inputenc)                not set up for use with LaTeX.

See the inputenc package documentation for explanation.
Type  H <return>  for immediate help.
 ...                                              
                                                  
l.3 ...–∏—á–Ω–æ–π –ª–∏–Ω–µ–π–∫–∏ –ø–µ—Ä–≤–∞—è —à–∫
                                                  –æ–ª–∞ –≥–æ—Ä–æ–¥–∞ –°–µ—Å...

You may provide a definition with
\DeclareUnicodeCharacter 


! Package inputenc Error: Unicode character –æ (U+043E)
(inputenc)                not set up for use with LaTeX.

See the inputenc package documentation for explanation.
Type  H <return>  for immediate help.
 ...                                              
                                                  
l.3 ...—á–Ω–æ–π –ª–∏–Ω–µ–π–∫–∏ –ø–µ—Ä–≤–∞—è —à–∫–æ
                                                  –ª–∞ –≥–æ—Ä–æ–¥–∞ –°–µ—Å–ª...

You may provide a definition with
\DeclareUnicodeCharacter 


! Package inputenc Error: Unicode character –ª (U+043B)
(inputenc)                not set up for use with LaTeX.

See the inputenc package documentation for explanation.
Type  H <return>  for immediate help.
 ...                                              
                                                  
l.3 ...–Ω–æ–π –ª–∏–Ω–µ–π–∫–∏ –ø–µ—Ä–≤–∞—è —à–∫–æ–ª
                                                  –∞ –≥–æ—Ä–æ–¥–∞ –°–µ—Å–ª–∞...

You may provide a definition with
\DeclareUnicodeCharacter 


! Package inputenc Error: Unicode character –∞ (U+0430)
(inputenc)                not set up for use with LaTeX.

See the inputenc package documentation for explanation.
Type  H <return>  for immediate help.
 ...                                              
                                                  
l.3 ...–æ–π –ª–∏–Ω–µ–π–∫–∏ –ø–µ—Ä–≤–∞—è —à–∫–æ–ª–∞
                                                   –≥–æ—Ä–æ–¥–∞ –°–µ—Å–ª–∞–Ω...

You may provide a definition with
\DeclareUnicodeCharacter 


! Package inputenc Error: Unicode character –≥ (U+0433)
(inputenc)                not set up for use with LaTeX.

See the inputenc package documentation for explanation.
Type  H <return>  for immediate help.
 ...                                              
                                                  
l.3 ...π –ª–∏–Ω–µ–π–∫–∏ –ø–µ—Ä–≤–∞—è —à–∫–æ–ª–∞ –≥
                                                  –æ—Ä–æ–¥–∞ –°–µ—Å–ª–∞–Ω  (...

You may provide a definition with
\DeclareUnicodeCharacter 


! Package inputenc Error: Unicode character –æ (U+043E)
(inputenc)                not set up for use with LaTeX.

See the inputenc package documentation for explanation.
Type  H <return>  for immediate help.
 ...                                              
                                                  
l.3 ...–ª–∏–Ω–µ–π–∫–∏ –ø–µ—Ä–≤–∞—è —à–∫–æ–ª–∞ –≥–æ
                                                  —Ä–æ–¥–∞ –°–µ—Å–ª–∞–Ω  (—Ä...

You may provide a definition with
\DeclareUnicodeCharacter 


! Package inputenc Error: Unicode character —Ä (U+0440)
(inputenc)                not set up for use with LaTeX.

See the inputenc package documentation for explanation.
Type  H <return>  for immediate help.
 ...                                              
                                                  
l.3 ...–∏–Ω–µ–π–∫–∏ –ø–µ—Ä–≤–∞—è —à–∫–æ–ª–∞ –≥–æ—Ä
                                                  –æ–¥–∞ –°–µ—Å–ª–∞–Ω  (—Ä–µ...

You may provide a definition with
\DeclareUnicodeCharacter 


! Package inputenc Error: Unicode character –æ (U+043E)
(inputenc)                not set up for use with LaTeX.

See the inputenc package documentation for explanation.
Type  H <return>  for immediate help.
 ...                                              
                                                  
l.3 ...–Ω–µ–π–∫–∏ –ø–µ—Ä–≤–∞—è —à–∫–æ–ª–∞ –≥–æ—Ä–æ
                                                  –¥–∞ –°–µ—Å–ª–∞–Ω  (—Ä–µ—Å...

You may provide a definition with
\DeclareUnicodeCharacter 


! Package inputenc Error: Unicode character –¥ (U+0434)
(inputenc)                not set up for use with LaTeX.

See the inputenc package documentation for explanation.
Type  H <return>  for immediate help.
 ...                                              
                                                  
l.3 ...–µ–π–∫–∏ –ø–µ—Ä–≤–∞—è —à–∫–æ–ª–∞ –≥–æ—Ä–æ–¥
                                                  –∞ –°–µ—Å–ª–∞–Ω  (—Ä–µ—Å–ø...

You may provide a definition with
\DeclareUnicodeCharacter 


! Package inputenc Error: Unicode character –∞ (U+0430)
(inputenc)                not set up for use with LaTeX.

See the inputenc package documentation for explanation.
Type  H <return>  for immediate help.
 ...                                              
                                                  
l.3 ...–π–∫–∏ –ø–µ—Ä–≤–∞—è —à–∫–æ–ª–∞ –≥–æ—Ä–æ–¥–∞
                                                   –°–µ—Å–ª–∞–Ω  (—Ä–µ—Å–ø—É...

You may provide a definition with
\DeclareUnicodeCharacter 


! Package inputenc Error: Unicode character –° (U+0421)
(inputenc)                not set up for use with LaTeX.

See the inputenc package documentation for explanation.
Type  H <return>  for immediate help.
 ...                                              
                                                  
l.3 ...∫–∏ –ø–µ—Ä–≤–∞—è —à–∫–æ–ª–∞ –≥–æ—Ä–æ–¥–∞ –°
                                                  –µ—Å–ª–∞–Ω  (—Ä–µ—Å–ø—É–±–...

You may provide a definition with
\DeclareUnicodeCharacter 


! Package inputenc Error: Unicode character –µ (U+0435)
(inputenc)                not set up for use with LaTeX.

See the inputenc package documentation for explanation.
Type  H <return>  for immediate help.
 ...                                              
                                                  
l.3 ...∏ –ø–µ—Ä–≤–∞—è —à–∫–æ–ª–∞ –≥–æ—Ä–æ–¥–∞ –°–µ
                                                  —Å–ª–∞–Ω  (—Ä–µ—Å–ø—É–±–ª–...

You may provide a definition with
\DeclareUnicodeCharacter 


! Package inputenc Error: Unicode character —Å (U+0441)
(inputenc)                not set up for use with LaTeX.

See the inputenc package documentation for explanation.
Type  H <return>  for immediate help.
 ...                                              
                                                  
l.3 ...–ø–µ—Ä–≤–∞—è —à–∫–æ–ª–∞ –≥–æ—Ä–æ–¥–∞ –°–µ—Å
                                                  –ª–∞–Ω  (—Ä–µ—Å–ø—É–±–ª–∏–...

You may provide a definition with
\DeclareUnicodeCharacter 


! Package inputenc Error: Unicode character –ª (U+043B)
(inputenc)                not set up for use with LaTeX.

See the inputenc package documentation for explanation.
Type  H <return>  for immediate help.
 ...                                              
                                                  
l.3 ...–µ—Ä–≤–∞—è —à–∫–æ–ª–∞ –≥–æ—Ä–æ–¥–∞ –°–µ—Å–ª
                                                  –∞–Ω  (—Ä–µ—Å–ø—É–±–ª–∏–∫–...

You may provide a definition with
\DeclareUnicodeCharacter 


! Package inputenc Error: Unicode character –∞ (U+0430)
(inputenc)                not set up for use with LaTeX.

See the inputenc package documentation for explanation.
Type  H <return>  for immediate help.
 ...                                              
                                                  
l.3 ...—Ä–≤–∞—è —à–∫–æ–ª–∞ –≥–æ—Ä–æ–¥–∞ –°–µ—Å–ª–∞
                                                  –Ω  (—Ä–µ—Å–ø—É–±–ª–∏–∫–∞ ...

You may provide a definition with
\DeclareUnicodeCharacter 


! Package inputenc Error: Unicode character –Ω (U+043D)
(inputenc)                not set up for use with LaTeX.

See the inputenc package documentation for explanation.
Type  H <return>  for immediate help.
 ...                                              
                                                  
l.3 ...–≤–∞—è —à–∫–æ–ª–∞ –≥–æ—Ä–æ–¥–∞ –°–µ—Å–ª–∞–Ω
                                                    (—Ä–µ—Å–ø—É–±–ª–∏–∫–∞ –•...

You may provide a definition with
\DeclareUnicodeCharacter 


! Package inputenc Error: Unicode character —Ä (U+0440)
(inputenc)                not set up for use with LaTeX.

See the inputenc package documentation for explanation.
Type  H <return>  for immediate help.
 ...                                              
                                                  
l.3 ...è —à–∫–æ–ª–∞ –≥–æ—Ä–æ–¥–∞ –°–µ—Å–ª–∞–Ω  (—Ä
                                                  –µ—Å–ø—É–±–ª–∏–∫–∞ –•–æ—Å–...

You may provide a definition with
\DeclareUnicodeCharacter 


! Package inputenc Error: Unicode character –µ (U+0435)
(inputenc)                not set up for use with LaTeX.

See the inputenc package documentation for explanation.
Type  H <return>  for immediate help.
 ...                                              
                                                  
l.3 ...—à–∫–æ–ª–∞ –≥–æ—Ä–æ–¥–∞ –°–µ—Å–ª–∞–Ω  (—Ä–µ
                                                  —Å–ø—É–±–ª–∏–∫–∞ –•–æ—Å–µ—...

You may provide a definition with
\DeclareUnicodeCharacter 


! Package inputenc Error: Unicode character —Å (U+0441)
(inputenc)                not set up for use with LaTeX.

See the inputenc package documentation for explanation.
Type  H <return>  for immediate help.
 ...                                              
                                                  
l.3 ...–∫–æ–ª–∞ –≥–æ—Ä–æ–¥–∞ –°–µ—Å–ª–∞–Ω  (—Ä–µ—Å
                                                  –ø—É–±–ª–∏–∫–∞ –•–æ—Å–µ—Ç–...

You may provide a definition with
\DeclareUnicodeCharacter 


! Package inputenc Error: Unicode character –ø (U+043F)
(inputenc)                not set up for use with LaTeX.

See the inputenc package documentation for explanation.
Type  H <return>  for immediate help.
 ...                                              
                                                  
l.3 ...–æ–ª–∞ –≥–æ—Ä–æ–¥–∞ –°–µ—Å–ª–∞–Ω  (—Ä–µ—Å–ø
                                                  —É–±–ª–∏–∫–∞ –•–æ—Å–µ—Ç–∏—...

You may provide a definition with
\DeclareUnicodeCharacter 


! Package inputenc Error: Unicode character —É (U+0443)
(inputenc)                not set up for use with LaTeX.

See the inputenc package documentation for explanation.
Type  H <return>  for immediate help.
 ...                                              
                                                  
l.3 ...–ª–∞ –≥–æ—Ä–æ–¥–∞ –°–µ—Å–ª–∞–Ω  (—Ä–µ—Å–ø—É
                                                  –±–ª–∏–∫–∞ –•–æ—Å–µ—Ç–∏—è,...

You may provide a definition with
\DeclareUnicodeCharacter 


! Package inputenc Error: Unicode character –± (U+0431)
(inputenc)                not set up for use with LaTeX.

See the inputenc package documentation for explanation.
Type  H <return>  for immediate help.
 ...                                              
                                                  
l.3 ...–∞ –≥–æ—Ä–æ–¥–∞ –°–µ—Å–ª–∞–Ω  (—Ä–µ—Å–ø—É–±
                                                  –ª–∏–∫–∞ –•–æ—Å–µ—Ç–∏—è, –...

You may provide a definition with
\DeclareUnicodeCharacter 


! Package inputenc Error: Unicode character –ª (U+043B)
(inputenc)                not set up for use with LaTeX.

See the inputenc package documentation for explanation.
Type  H <return>  for immediate help.
 ...                                              
                                                  
l.3 ... –≥–æ—Ä–æ–¥–∞ –°–µ—Å–ª–∞–Ω  (—Ä–µ—Å–ø—É–±–ª
                                                  –∏–∫–∞ –•–æ—Å–µ—Ç–∏—è, –°–...

You may provide a definition with
\DeclareUnicodeCharacter 


! Package inputenc Error: Unicode character –∏ (U+0438)
(inputenc)                not set up for use with LaTeX.

See the inputenc package documentation for explanation.
Type  H <return>  for immediate help.
 ...                                              
                                                  
l.3 ...≥–æ—Ä–æ–¥–∞ –°–µ—Å–ª–∞–Ω  (—Ä–µ—Å–ø—É–±–ª–∏
                                                  –∫–∞ –•–æ—Å–µ—Ç–∏—è, –°–µ–...

You may provide a definition with
\DeclareUnicodeCharacter 


! Package inputenc Error: Unicode character –∫ (U+043A)
(inputenc)                not set up for use with LaTeX.

See the inputenc package documentation for explanation.
Type  H <return>  for immediate help.
 ...                                              
                                                  
l.3 ...æ—Ä–æ–¥–∞ –°–µ—Å–ª–∞–Ω  (—Ä–µ—Å–ø—É–±–ª–∏–∫
                                                  –∞ –•–æ—Å–µ—Ç–∏—è, –°–µ–≤–...

You may provide a definition with
\DeclareUnicodeCharacter 


! Package inputenc Error: Unicode character –∞ (U+0430)
(inputenc)                not set up for use with LaTeX.

See the inputenc package documentation for explanation.
Type  H <return>  for immediate help.
 ...                                              
                                                  
l.3 ...Ä–æ–¥–∞ –°–µ—Å–ª–∞–Ω  (—Ä–µ—Å–ø—É–±–ª–∏–∫–∞
                                                   –•–æ—Å–µ—Ç–∏—è, –°–µ–≤–µ—...

You may provide a definition with
\DeclareUnicodeCharacter 


! Package inputenc Error: Unicode character –• (U+0425)
(inputenc)                not set up for use with LaTeX.

See the inputenc package documentation for explanation.
Type  H <return>  for immediate help.
 ...                                              
                                                  
l.3 ...–¥–∞ –°–µ—Å–ª–∞–Ω  (—Ä–µ—Å–ø—É–±–ª–∏–∫–∞ –•
                                                  –æ—Å–µ—Ç–∏—è, –°–µ–≤–µ—Ä–Ω...
(That makes 100 errors; please try again.) 
Here is how much of TeX's memory you used:
 192 strings out of 480790
 4477 string characters out of 2911284
 238890 words of memory out of 3000000
 16297 multiletter control sequences out of 15000+200000
 532338 words of font info for 24 fonts, out of 3000000 for 9000
 1141 hyphenation exceptions out of 8191
 17i,0n,19p,348b,40s stack positions out of 5000i,500n,10000p,200000b,50000s

!  ==> Fatal error occurred, no output PDF file produced!
